<?xml version="1.0" encoding="UTF-8"?>
<coverage generated="1673881912909" clover="3.2.0">
  <project timestamp="1673881912910" name="All files">
    <metrics statements="35" coveredstatements="30" conditionals="6" coveredconditionals="6" methods="9" coveredmethods="8" elements="50" coveredelements="44" complexity="0" loc="35" ncloc="35" packages="1" files="1" classes="1"/>
    <file name="index.ts" path="/home/bertrand/Development/Recup.linux/retry/src/classes/retry/promises/index.ts">
      <metrics statements="35" coveredstatements="30" conditionals="6" coveredconditionals="6" methods="9" coveredmethods="8"/>
      <line num="1" count="1" type="stmt"/>
      <line num="9" count="1" type="stmt"/>
      <line num="31" count="1" type="stmt"/>
      <line num="43" count="7" type="stmt"/>
      <line num="44" count="7" type="stmt"/>
      <line num="45" count="7" type="stmt"/>
      <line num="46" count="7" type="stmt"/>
      <line num="55" count="32" type="stmt"/>
      <line num="56" count="32" type="stmt"/>
      <line num="57" count="32" type="stmt"/>
      <line num="58" count="6" type="stmt"/>
      <line num="61" count="26" type="stmt"/>
      <line num="62" count="26" type="cond" truecount="1" falsecount="0"/>
      <line num="63" count="25" type="stmt"/>
      <line num="64" count="25" type="cond" truecount="2" falsecount="0"/>
      <line num="65" count="8" type="stmt"/>
      <line num="66" count="8" type="stmt"/>
      <line num="67" count="8" type="stmt"/>
      <line num="69" count="17" type="stmt"/>
      <line num="73" count="7" type="stmt"/>
      <line num="74" count="7" type="stmt"/>
      <line num="75" count="6" type="stmt"/>
      <line num="78" count="1" type="stmt"/>
      <line num="83" count="8" type="cond" truecount="2" falsecount="0"/>
      <line num="84" count="8" type="stmt"/>
      <line num="88" count="3" type="stmt"/>
      <line num="89" count="3" type="stmt"/>
      <line num="93" count="1" type="stmt"/>
      <line num="94" count="1" type="stmt"/>
      <line num="105" count="1" type="stmt"/>
      <line num="107" count="0" type="stmt"/>
      <line num="108" count="0" type="stmt"/>
      <line num="109" count="0" type="stmt"/>
      <line num="110" count="0" type="stmt"/>
      <line num="113" count="0" type="stmt"/>
    </file>
  </project>
</coverage>
