{"/home/bertrand/Development/Recup.linux/retry/src/classes/retry/promises/index.ts": {"path":"/home/bertrand/Development/Recup.linux/retry/src/classes/retry/promises/index.ts","statementMap":{"0":{"start":{"line":1,"column":0},"end":{"line":1,"column":38}},"1":{"start":{"line":9,"column":38},"end":{"line":13,"column":2}},"2":{"start":{"line":43,"column":2},"end":{"line":43,"column":24}},"3":{"start":{"line":44,"column":2},"end":{"line":44,"column":32}},"4":{"start":{"line":45,"column":2},"end":{"line":45,"column":58}},"5":{"start":{"line":46,"column":2},"end":{"line":46,"column":35}},"6":{"start":{"line":55,"column":16},"end":{"line":71,"column":4}},"7":{"start":{"line":55,"column":88},"end":{"line":71,"column":4}},"8":{"start":{"line":56,"column":3},"end":{"line":70,"column":null}},"9":{"start":{"line":57,"column":17},"end":{"line":57,"column":49}},"10":{"start":{"line":58,"column":4},"end":{"line":58,"column":16}},"11":{"start":{"line":61,"column":4},"end":{"line":61,"column":62}},"12":{"start":{"line":62,"column":4},"end":{"line":62,"column":41}},"13":{"start":{"line":62,"column":16},"end":{"line":62,"column":41}},"14":{"start":{"line":63,"column":4},"end":{"line":63,"column":57}},"15":{"start":{"line":64,"column":4},"end":{"line":69,"column":52}},"16":{"start":{"line":65,"column":5},"end":{"line":65,"column":79}},"17":{"start":{"line":65,"column":34},"end":{"line":65,"column":77}},"18":{"start":{"line":66,"column":5},"end":{"line":66,"column":28}},"19":{"start":{"line":67,"column":5},"end":{"line":67,"column":48}},"20":{"start":{"line":69,"column":9},"end":{"line":69,"column":52}},"21":{"start":{"line":73,"column":2},"end":{"line":79,"column":null}},"22":{"start":{"line":74,"column":18},"end":{"line":74,"column":71}},"23":{"start":{"line":75,"column":3},"end":{"line":75,"column":17}},"24":{"start":{"line":78,"column":3},"end":{"line":78,"column":28}},"25":{"start":{"line":83,"column":2},"end":{"line":83,"column":126}},"26":{"start":{"line":84,"column":2},"end":{"line":84,"column":32}},"27":{"start":{"line":88,"column":2},"end":{"line":88,"column":28}},"28":{"start":{"line":89,"column":2},"end":{"line":89,"column":14}},"29":{"start":{"line":93,"column":2},"end":{"line":93,"column":30}},"30":{"start":{"line":94,"column":2},"end":{"line":94,"column":14}},"31":{"start":{"line":31,"column":0},"end":{"line":31,"column":13}},"32":{"start":{"line":107,"column":1},"end":{"line":114,"column":null}},"33":{"start":{"line":108,"column":12},"end":{"line":108,"column":50}},"34":{"start":{"line":109,"column":17},"end":{"line":109,"column":35}},"35":{"start":{"line":110,"column":2},"end":{"line":110,"column":33}},"36":{"start":{"line":113,"column":2},"end":{"line":113,"column":27}},"37":{"start":{"line":105,"column":0},"end":{"line":105,"column":30}}},"fnMap":{"0":{"name":"(anonymous_7)","decl":{"start":{"line":42,"column":1},"end":{"line":42,"column":13}},"loc":{"start":{"line":42,"column":86},"end":{"line":47,"column":2}}},"1":{"name":"(anonymous_8)","decl":{"start":{"line":54,"column":14},"end":{"line":54,"column":17}},"loc":{"start":{"line":54,"column":31},"end":{"line":80,"column":null}}},"2":{"name":"(anonymous_10)","decl":{"start":{"line":55,"column":16},"end":{"line":55,"column":22}},"loc":{"start":{"line":55,"column":88},"end":{"line":71,"column":4}}},"3":{"name":"(anonymous_11)","decl":{"start":{"line":55,"column":88},"end":{"line":55,"column":null}},"loc":{"start":{"line":55,"column":88},"end":{"line":71,"column":3}}},"4":{"name":"(anonymous_12)","decl":{"start":{"line":65,"column":23},"end":{"line":65,"column":30}},"loc":{"start":{"line":65,"column":34},"end":{"line":65,"column":77}}},"5":{"name":"(anonymous_13)","decl":{"start":{"line":82,"column":9},"end":{"line":82,"column":24}},"loc":{"start":{"line":82,"column":24},"end":{"line":85,"column":2}}},"6":{"name":"(anonymous_14)","decl":{"start":{"line":87,"column":8},"end":{"line":87,"column":10}},"loc":{"start":{"line":87,"column":52},"end":{"line":90,"column":2}}},"7":{"name":"(anonymous_15)","decl":{"start":{"line":92,"column":8},"end":{"line":92,"column":12}},"loc":{"start":{"line":92,"column":54},"end":{"line":95,"column":2}}},"8":{"name":"retry","decl":{"start":{"line":105,"column":30},"end":{"line":105,"column":35}},"loc":{"start":{"line":106,"column":84},"end":{"line":115,"column":null}}}},"branchMap":{"0":{"loc":{"start":{"line":42,"column":51},"end":{"line":42,"column":86}},"type":"default-arg","locations":[{"start":{"line":42,"column":84},"end":{"line":42,"column":86}}]},"1":{"loc":{"start":{"line":62,"column":4},"end":{"line":62,"column":41}},"type":"if","locations":[{"start":{"line":62,"column":4},"end":{"line":62,"column":41}}]},"2":{"loc":{"start":{"line":64,"column":4},"end":{"line":69,"column":52}},"type":"if","locations":[{"start":{"line":64,"column":4},"end":{"line":69,"column":52}},{"start":{"line":69,"column":9},"end":{"line":69,"column":52}}]},"3":{"loc":{"start":{"line":83,"column":27},"end":{"line":83,"column":125}},"type":"cond-expr","locations":[{"start":{"line":83,"column":55},"end":{"line":83,"column":100}},{"start":{"line":83,"column":103},"end":{"line":83,"column":125}}]}},"s":{"0":1,"1":1,"2":7,"3":7,"4":7,"5":7,"6":7,"7":32,"8":32,"9":32,"10":6,"11":26,"12":26,"13":1,"14":25,"15":25,"16":8,"17":8,"18":8,"19":8,"20":17,"21":7,"22":7,"23":6,"24":1,"25":8,"26":8,"27":3,"28":3,"29":1,"30":1,"31":1,"32":0,"33":0,"34":0,"35":0,"36":0,"37":1},"f":{"0":7,"1":7,"2":32,"3":32,"4":8,"5":8,"6":3,"7":1,"8":0},"b":{"0":[5],"1":[1],"2":[8,17],"3":[3,5]}}
}
