TN:
SF:src/classes/retry/promises/index.ts
FN:42,(anonymous_7)
FN:54,(anonymous_8)
FN:55,(anonymous_10)
FN:55,(anonymous_11)
FN:65,(anonymous_12)
FN:82,(anonymous_13)
FN:87,(anonymous_14)
FN:92,(anonymous_15)
FN:105,retry
FNF:9
FNH:8
FNDA:7,(anonymous_7)
FNDA:7,(anonymous_8)
FNDA:32,(anonymous_10)
FNDA:32,(anonymous_11)
FNDA:8,(anonymous_12)
FNDA:8,(anonymous_13)
FNDA:3,(anonymous_14)
FNDA:1,(anonymous_15)
FNDA:0,retry
DA:1,1
DA:9,1
DA:31,1
DA:43,7
DA:44,7
DA:45,7
DA:46,7
DA:55,32
DA:56,32
DA:57,32
DA:58,6
DA:61,26
DA:62,26
DA:63,25
DA:64,25
DA:65,8
DA:66,8
DA:67,8
DA:69,17
DA:73,7
DA:74,7
DA:75,6
DA:78,1
DA:83,8
DA:84,8
DA:88,3
DA:89,3
DA:93,1
DA:94,1
DA:105,1
DA:107,0
DA:108,0
DA:109,0
DA:110,0
DA:113,0
LF:35
LH:30
BRDA:42,0,0,5
BRDA:62,1,0,1
BRDA:64,2,0,8
BRDA:64,2,1,17
BRDA:83,3,0,3
BRDA:83,3,1,5
BRF:6
BRH:6
end_of_record
